<?xml version="1.0" encoding="UTF-8"?>
<!-- Generated by org.testng.reporters.JUnitReportReporter -->
<testsuite hostname="LAPTOP-JBIL527H" failures="0" tests="2" name="tracker.RedbusPriceTrackerTest" time="81.754" errors="0" timestamp="2025-09-27T23:15:27 IST" skipped="0">
  <testcase classname="tracker.RedbusPriceTrackerTest" name="trackBusPrice" time="58.544"/>
  <testcase classname="tracker.RedbusPriceTrackerTest" name="NandedBusPricetracker" time="23.210"/>
</testsuite> <!-- tracker.RedbusPriceTrackerTest -->
