<?xml version="1.0" encoding="UTF-8"?>
<!-- Generated by org.testng.reporters.JUnitReportReporter -->
<testsuite hostname="LAPTOP-JBIL527H" failures="0" tests="1" name="tracker.RedbusPriceTrackerTest" time="64.899" errors="0" timestamp="2025-10-22T23:16:48 IST" skipped="0">
  <testcase classname="tracker.RedbusPriceTrackerTest" name="NandedBusPricetracker" time="64.899"/>
</testsuite> <!-- tracker.RedbusPriceTrackerTest -->
