<?xml version="1.0" encoding="UTF-8"?>
<!-- Generated by org.testng.reporters.JUnitReportReporter -->
<testsuite hostname="LAPTOP-JBIL527H" failures="0" tests="1" name="tracker.RedbusPriceTracker" time="20.516" errors="0" timestamp="2025-07-24T13:16:57 IST" skipped="0">
  <testcase classname="tracker.RedbusPriceTracker" name="trackBusPrice" time="20.516"/>
</testsuite> <!-- tracker.RedbusPriceTracker -->
