<?xml version="1.0" encoding="UTF-8"?>
<!-- Generated by org.testng.reporters.JUnitReportReporter -->
<testsuite hostname="LAPTOP-JBIL527H" failures="0" tests="1" name="tracker.RedbusPriceTrackerTest" time="98.848" errors="0" timestamp="2025-08-23T00:25:38 IST" skipped="0">
  <testcase classname="tracker.RedbusPriceTrackerTest" name="trackBusPrice" time="98.848"/>
</testsuite> <!-- tracker.RedbusPriceTrackerTest -->
