<?xml version="1.0" encoding="UTF-8"?>
<!-- Generated by org.testng.reporters.JUnitReportReporter -->
<testsuite hostname="LAPTOP-JBIL527H" failures="0" tests="1" name="tracker.RedbusPriceTrackerTest" time="23.812" errors="0" timestamp="2025-07-26T07:20:37 IST" skipped="0">
  <testcase classname="tracker.RedbusPriceTrackerTest" name="trackBusPrice" time="23.812"/>
</testsuite> <!-- tracker.RedbusPriceTrackerTest -->
